[debug] [2020-01-05T15:04:59.325Z] ----------------------------------------------------------------------
[debug] [2020-01-05T15:04:59.327Z] Command:       C:\Program Files\nodejs\node.exe C:\Users\Felix\AppData\Roaming\npm\node_modules\firebase-tools\lib\bin\firebase.js deplpoy
[debug] [2020-01-05T15:04:59.327Z] CLI Version:   7.11.0
[debug] [2020-01-05T15:04:59.327Z] Platform:      win32
[debug] [2020-01-05T15:04:59.328Z] Node Version:  v10.16.0
[debug] [2020-01-05T15:04:59.328Z] Time:          Sun Jan 05 2020 16:04:59 GMT+0100 (Central European Standard Time)
[debug] [2020-01-05T15:04:59.328Z] ----------------------------------------------------------------------
[debug] [2020-01-05T15:04:59.328Z] 
[error] Error: [object Object] is not a Firebase command
[debug] [2020-01-05T15:04:59.339Z] TypeError: str.toLowerCase is not a function
    at didYouMean (C:\Users\Felix\AppData\Roaming\npm\node_modules\firebase-tools\node_modules\didyoumean\didYouMean-1.2.1.js:147:48)
    at suggestCommands (C:\Users\Felix\AppData\Roaming\npm\node_modules\firebase-tools\lib\index.js:28:22)
    at Command.<anonymous> (C:\Users\Felix\AppData\Roaming\npm\node_modules\firebase-tools\lib\index.js:57:14)
    at Command.listener (C:\Users\Felix\AppData\Roaming\npm\node_modules\firebase-tools\node_modules\commander\index.js:360:8)
    at Command.emit (events.js:198:13)
    at Command.EventEmitter.emit (domain.js:448:20)
    at Command.parseArgs (C:\Users\Felix\AppData\Roaming\npm\node_modules\firebase-tools\node_modules\commander\index.js:801:12)
    at Command.parse (C:\Users\Felix\AppData\Roaming\npm\node_modules\firebase-tools\node_modules\commander\index.js:563:21)
    at Object.<anonymous> (C:\Users\Felix\AppData\Roaming\npm\node_modules\firebase-tools\lib\bin\firebase.js:98:22)
    at Module._compile (internal/modules/cjs/loader.js:776:30)
    at Object.Module._extensions..js (internal/modules/cjs/loader.js:787:10)
    at Module.load (internal/modules/cjs/loader.js:653:32)
    at tryModuleLoad (internal/modules/cjs/loader.js:593:12)
    at Function.Module._load (internal/modules/cjs/loader.js:585:3)
    at Function.Module.runMain (internal/modules/cjs/loader.js:829:12)
    at startup (internal/bootstrap/node.js:283:19)
[error] 
[error] Error: An unexpected error has occurred.
